{
  "start": "2020-09-17T17:38:00.080Z",
  "end": "2020-09-17T17:50:49.137Z",
  "capabilities": {
    "acceptInsecureCerts": false,
    "acceptSslCerts": false,
    "applicationCacheEnabled": false,
    "browserConnectionEnabled": false,
    "browserName": "chrome",
    "chrome": {
      "chromedriverVersion": "2.43.600210 (68dcf5eebde37173d4027fa8635e332711d2874a)",
      "userDataDir": "C:\\Users\\Jaso\\AppData\\Local\\Temp\\scoped_dir3596_9834"
    },
    "cssSelectorsEnabled": true,
    "databaseEnabled": false,
    "goog:chromeOptions": {
      "debuggerAddress": "localhost:49375"
    },
    "handlesAlerts": true,
    "hasTouchScreen": false,
    "javascriptEnabled": true,
    "locationContextEnabled": true,
    "mobileEmulationEnabled": false,
    "nativeEvents": true,
    "networkConnectionEnabled": false,
    "pageLoadStrategy": "normal",
    "platform": "Windows NT",
    "rotatable": false,
    "setWindowRect": true,
    "takesHeapSnapshot": true,
    "takesScreenshot": true,
    "unexpectedAlertBehaviour": "",
    "version": "85.0.4183.102",
    "webStorageEnabled": true,
    "webdriver.remote.sessionid": "81abef91e7020cc875587e5b5a9f0b1b",
    "sessionId": "81abef91e7020cc875587e5b5a9f0b1b"
  },
  "baseUrl": "https://staging.platerate.guru",
  "framework": "jasmine",
  "mochaOpts": {
    "timeout": 10000
  },
  "duration": 769057,
  "suites": [
    {
      "title": "home page suite",
      "duration": 768987,
      "start": "2020-09-17T17:38:00.089Z",
      "end": "2020-09-17T17:50:49.076Z",
      "tests": [],
      "hooks": [
        {
          "start": "2020-09-17T17:38:00.092Z",
          "end": "2020-09-17T17:38:41.654Z",
          "duration": 41562,
          "title": "\"before all\" hook",
          "associatedSuite": "home page suitesuite1"
        }
      ]
    },
    {
      "title": "search when user not logged",
      "duration": 251586,
      "start": "2020-09-17T17:38:41.655Z",
      "end": "2020-09-17T17:42:53.241Z",
      "tests": [
        {
          "title": "search chicken from homepage and check load time",
          "start": "2020-09-17T17:38:41.657Z",
          "end": "2020-09-17T17:38:58.852Z",
          "duration": 17195,
          "state": "passed",
          "screenshots": [
            "C:\\Users\\Jaso\\Documents\\GitHub\\regression-platerate\\output\\file-1600364338849.jpeg"
          ],
          "context": [
            "WARNING",
            {
              "title": "Search duration is",
              "value": "16.523 seconds"
            }
          ]
        },
        {
          "title": "search rice from result page and check load time",
          "start": "2020-09-17T17:38:58.854Z",
          "end": "2020-09-17T17:39:32.096Z",
          "duration": 33242,
          "state": "passed",
          "screenshots": [
            "C:\\Users\\Jaso\\Documents\\GitHub\\regression-platerate\\output\\file-1600364372095.jpeg"
          ],
          "context": [
            "WARNING",
            {
              "title": "Search duration is",
              "value": "15.061 seconds"
            }
          ]
        },
        {
          "title": "switch tab to Restaurant then search thai and check load time",
          "start": "2020-09-17T17:39:32.097Z",
          "end": "2020-09-17T17:39:58.568Z",
          "duration": 26471,
          "state": "passed",
          "screenshots": [
            "C:\\Users\\Jaso\\Documents\\GitHub\\regression-platerate\\output\\file-1600364398565.jpeg"
          ],
          "context": [
            "WARNING",
            {
              "title": "Search duration is",
              "value": "10.808 seconds"
            }
          ]
        },
        {
          "title": "switch tab to Food and Drink then search beef and check load time",
          "start": "2020-09-17T17:39:58.569Z",
          "end": "2020-09-17T17:40:55.156Z",
          "duration": 56587,
          "state": "passed",
          "screenshots": [
            "C:\\Users\\Jaso\\Documents\\GitHub\\regression-platerate\\output\\file-1600364455155.jpeg"
          ],
          "context": [
            "WARNING",
            {
              "title": "Search duration is",
              "value": "17.623 seconds"
            }
          ]
        },
        {
          "title": "open first result and check time load",
          "start": "2020-09-17T17:40:55.157Z",
          "end": "2020-09-17T17:41:55.262Z",
          "duration": 60105,
          "state": "passed",
          "screenshots": [
            "C:\\Users\\Jaso\\Documents\\GitHub\\regression-platerate\\output\\file-1600364515259.jpeg"
          ],
          "context": [
            "WARNING",
            {
              "title": "Search duration is",
              "value": "35.062 seconds"
            }
          ]
        },
        {
          "title": "open first result then click back and check load time",
          "start": "2020-09-17T17:41:55.263Z",
          "end": "2020-09-17T17:42:53.239Z",
          "duration": 57976,
          "state": "passed",
          "screenshots": [
            "C:\\Users\\Jaso\\Documents\\GitHub\\regression-platerate\\output\\file-1600364573237.jpeg"
          ],
          "context": [
            {
              "title": "Search duration is",
              "value": "5.922 seconds"
            }
          ]
        }
      ],
      "hooks": []
    },
    {
      "title": "search when user is logged",
      "duration": 351030,
      "start": "2020-09-17T17:42:53.241Z",
      "end": "2020-09-17T17:48:44.271Z",
      "tests": [
        {
          "title": "search chicken from homepage and check load time",
          "start": "2020-09-17T17:42:53.242Z",
          "end": "2020-09-17T17:43:40.346Z",
          "duration": 47104,
          "state": "passed",
          "screenshots": [
            "C:\\Users\\Jaso\\Documents\\GitHub\\regression-platerate\\output\\file-1600364612294.jpeg"
          ],
          "context": [
            "WARNING",
            {
              "title": "Search duration is",
              "value": "16.402 seconds"
            }
          ]
        },
        {
          "title": "search rice from result page and check load time",
          "start": "2020-09-17T17:43:40.347Z",
          "end": "2020-09-17T17:44:36.917Z",
          "duration": 56570,
          "state": "passed",
          "screenshots": [
            "C:\\Users\\Jaso\\Documents\\GitHub\\regression-platerate\\output\\file-1600364670633.jpeg"
          ],
          "context": [
            "WARNING",
            {
              "title": "Search duration is",
              "value": "22.497 seconds"
            }
          ]
        },
        {
          "title": "switch tab to Restaurant then search thai and check load time",
          "start": "2020-09-17T17:44:36.920Z",
          "end": "2020-09-17T17:45:45.805Z",
          "duration": 68885,
          "state": "passed",
          "screenshots": [
            "C:\\Users\\Jaso\\Documents\\GitHub\\regression-platerate\\output\\file-1600364734103.jpeg"
          ],
          "context": [
            "WARNING",
            {
              "title": "Search duration is",
              "value": "18.606 seconds"
            }
          ]
        },
        {
          "title": "switch tab to Food and Drink then search beef and check load time",
          "start": "2020-09-17T17:45:45.805Z",
          "end": "2020-09-17T17:47:19.242Z",
          "duration": 93437,
          "state": "passed",
          "screenshots": [
            "C:\\Users\\Jaso\\Documents\\GitHub\\regression-platerate\\output\\file-1600364832493.jpeg"
          ],
          "context": [
            "WARNING",
            {
              "title": "Search duration is",
              "value": "31.211 seconds"
            }
          ]
        },
        {
          "title": "open first results and check time load",
          "start": "2020-09-17T17:47:19.242Z",
          "end": "2020-09-17T17:47:59.075Z",
          "duration": 39833,
          "state": "passed",
          "screenshots": [
            "C:\\Users\\Jaso\\Documents\\GitHub\\regression-platerate\\output\\file-1600364874964.jpeg"
          ],
          "context": [
            "WARNING",
            {
              "title": "Search duration is",
              "value": "14.043 seconds"
            }
          ]
        },
        {
          "title": "open first result then click back and check load time",
          "start": "2020-09-17T17:47:59.075Z",
          "end": "2020-09-17T17:48:44.271Z",
          "duration": 45196,
          "state": "passed",
          "screenshots": [
            "C:\\Users\\Jaso\\Documents\\GitHub\\regression-platerate\\output\\file-1600364920566.jpeg"
          ],
          "context": [
            {
              "title": "Search duration is",
              "value": "5.374 seconds"
            }
          ]
        }
      ],
      "hooks": []
    },
    {
      "title": "advanced search with food filter",
      "duration": 1,
      "start": "2020-09-17T17:48:44.272Z",
      "end": "2020-09-17T17:48:44.273Z",
      "tests": [
        {
          "title": "search chicken uncheck highest price in filter",
          "start": "2020-09-17T17:48:44.273Z",
          "duration": 0,
          "state": "skipped"
        }
      ],
      "hooks": []
    },
    {
      "title": "open restaurant page when user not logged",
      "duration": 41064,
      "start": "2020-09-17T17:48:44.275Z",
      "end": "2020-09-17T17:49:25.339Z",
      "tests": [
        {
          "title": "open restaurant page and check time load",
          "start": "2020-09-17T17:48:44.275Z",
          "end": "2020-09-17T17:49:25.339Z",
          "duration": 41064,
          "state": "passed",
          "screenshots": [
            "C:\\Users\\Jaso\\Documents\\GitHub\\regression-platerate\\output\\file-1600364965211.jpeg"
          ],
          "context": [
            "WARNING",
            {
              "title": "Search duration is",
              "value": "29.433 seconds"
            }
          ]
        }
      ],
      "hooks": []
    },
    {
      "title": "open restaurant page when user is logged",
      "duration": 57393,
      "start": "2020-09-17T17:49:25.339Z",
      "end": "2020-09-17T17:50:22.732Z",
      "tests": [
        {
          "title": "open restaurant page and check time load",
          "start": "2020-09-17T17:49:25.339Z",
          "end": "2020-09-17T17:50:22.729Z",
          "duration": 57390,
          "state": "passed",
          "screenshots": [
            "C:\\Users\\Jaso\\Documents\\GitHub\\regression-platerate\\output\\file-1600365018846.jpeg"
          ],
          "context": [
            "WARNING",
            {
              "title": "Search duration is",
              "value": "22.642 seconds"
            }
          ]
        }
      ],
      "hooks": []
    },
    {
      "title": "rate item",
      "duration": 1,
      "start": "2020-09-17T17:50:22.732Z",
      "end": "2020-09-17T17:50:22.733Z",
      "tests": [
        {
          "title": "select one item and rate",
          "start": "2020-09-17T17:50:22.733Z",
          "duration": 0,
          "state": "skipped"
        }
      ],
      "hooks": []
    },
    {
      "title": "waqas tests",
      "duration": 26342,
      "start": "2020-09-17T17:50:22.733Z",
      "end": "2020-09-17T17:50:49.075Z",
      "tests": [
        {
          "title": "search item with location enterd",
          "start": "2020-09-17T17:50:22.733Z",
          "end": "2020-09-17T17:50:32.084Z",
          "duration": 9351,
          "state": "passed",
          "screenshots": [
            "C:\\Users\\Jaso\\Documents\\GitHub\\regression-platerate\\output\\file-1600365032082.jpeg"
          ]
        },
        {
          "title": "should go to the About us page and verify the page title",
          "start": "2020-09-17T17:50:32.084Z",
          "end": "2020-09-17T17:50:39.299Z",
          "duration": 7215,
          "state": "passed",
          "screenshots": [
            "C:\\Users\\Jaso\\Documents\\GitHub\\regression-platerate\\output\\file-1600365039298.jpeg"
          ]
        },
        {
          "title": "should go to the Reward page and verify the page title",
          "start": "2020-09-17T17:50:39.300Z",
          "duration": 0,
          "state": "skipped"
        },
        {
          "title": "should go to the login page and verify the page title",
          "start": "2020-09-17T17:50:39.300Z",
          "end": "2020-09-17T17:50:42.357Z",
          "duration": 3057,
          "state": "passed",
          "screenshots": [
            "C:\\Users\\Jaso\\Documents\\GitHub\\regression-platerate\\output\\file-1600365042356.jpeg"
          ]
        },
        {
          "title": "should go to the create account page and verify the page title",
          "start": "2020-09-17T17:50:42.357Z",
          "end": "2020-09-17T17:50:45.717Z",
          "duration": 3360,
          "state": "passed",
          "screenshots": [
            "C:\\Users\\Jaso\\Documents\\GitHub\\regression-platerate\\output\\file-1600365045716.jpeg"
          ]
        },
        {
          "title": "enter email and subscribe",
          "start": "2020-09-17T17:50:45.718Z",
          "end": "2020-09-17T17:50:49.075Z",
          "duration": 3357,
          "state": "passed",
          "screenshots": [
            "C:\\Users\\Jaso\\Documents\\GitHub\\regression-platerate\\output\\file-1600365049072.jpeg"
          ]
        }
      ],
      "hooks": []
    }
  ],
  "specs": [
    "C:\\Users\\Jaso\\Documents\\GitHub\\regression-platerate\\test\\home.spec.js"
  ],
  "state": {
    "passed": 19,
    "failed": 0,
    "skipped": 3
  }
}