{
  "start": "2020-05-13T17:49:35.176Z",
  "end": "2020-05-13T17:53:15.355Z",
  "capabilities": {
    "acceptInsecureCerts": false,
    "acceptSslCerts": false,
    "applicationCacheEnabled": false,
    "browserConnectionEnabled": false,
    "browserName": "chrome",
    "chrome": {
      "chromedriverVersion": "2.43.600210 (68dcf5eebde37173d4027fa8635e332711d2874a)",
      "userDataDir": "C:\\Users\\Jaso\\AppData\\Local\\Temp\\scoped_dir11876_594"
    },
    "cssSelectorsEnabled": true,
    "databaseEnabled": false,
    "goog:chromeOptions": {
      "debuggerAddress": "localhost:55811"
    },
    "handlesAlerts": true,
    "hasTouchScreen": false,
    "javascriptEnabled": true,
    "locationContextEnabled": true,
    "mobileEmulationEnabled": false,
    "nativeEvents": true,
    "networkConnectionEnabled": false,
    "pageLoadStrategy": "normal",
    "platform": "Windows NT",
    "rotatable": false,
    "setWindowRect": true,
    "takesHeapSnapshot": true,
    "takesScreenshot": true,
    "unexpectedAlertBehaviour": "",
    "version": "81.0.4044.138",
    "webStorageEnabled": true,
    "webdriver.remote.sessionid": "4cb660a0d5de0fed3eba284c08f4ef10",
    "sessionId": "4cb660a0d5de0fed3eba284c08f4ef10"
  },
  "baseUrl": "https://test.platerate.guru",
  "framework": "jasmine",
  "mochaOpts": {
    "timeout": 10000
  },
  "duration": 220179,
  "suites": [
    {
      "title": "orders",
      "duration": 219945,
      "start": "2020-05-13T17:49:35.185Z",
      "end": "2020-05-13T17:53:15.130Z",
      "tests": [],
      "hooks": []
    },
    {
      "title": "order item with pickup when user is logged",
      "duration": 219942,
      "start": "2020-05-13T17:49:35.185Z",
      "end": "2020-05-13T17:53:15.127Z",
      "tests": [
        {
          "title": "add order from Marcello's and select pickup with tip later",
          "start": "2020-05-13T17:49:35.186Z",
          "end": "2020-05-13T17:53:15.125Z",
          "duration": 219939,
          "state": "passed",
          "screenshots": []
        }
      ],
      "hooks": []
    },
    {
      "title": "order item with pickup when user not logged",
      "duration": 2,
      "start": "2020-05-13T17:53:15.127Z",
      "end": "2020-05-13T17:53:15.129Z",
      "tests": [
        {
          "title": "add order from Marcello's and select pickup",
          "start": "2020-05-13T17:53:15.129Z",
          "duration": 0,
          "state": "skipped"
        }
      ],
      "hooks": []
    }
  ],
  "specs": [
    "C:\\Users\\Jaso\\Documents\\GitHub\\platerate-testing-test\\platerate-testing-test\\test\\order.spec.js"
  ],
  "state": {
    "passed": 1,
    "failed": 0,
    "skipped": 1
  }
}